<?xml version="1.0" encoding="utf-8"?><testsuites name="pytest tests"><testsuite name="pytest" errors="0" failures="3" skipped="5" tests="98" time="32.187" timestamp="2026-09-19T15:25:11.967790+05:30" hostname="RANJITH"><testcase classname="carivix_tests.backend.test_backend_api" name="test_be01_health_returns_200_and_ok_status" time="3.060" /><testcase classname="carivix_tests.backend.test_backend_api" name="test_be01_health_response_latency_under_50ms" time="0.008" /><testcase classname="carivix_tests.backend.test_backend_api" name="test_be02_list_sources_returns_csv_sources" time="0.014" /><testcase classname="carivix_tests.backend.test_backend_api" name="test_be02_process_valid_records_returns_200" time="0.060" /><testcase classname="carivix_tests.backend.test_backend_api" name="test_be02_process_returns_correct_row_count" time="0.040" /><testcase classname="carivix_tests.backend.test_backend_api" name="test_be02_process_response_contains_data_array" time="0.035" /><testcase classname="carivix_tests.backend.test_backend_api" name="test_be03_store_and_retrieve_round_trip" time="0.098" /><testcase classname="carivix_tests.backend.test_backend_api" name="test_be03_store_multiple_records" time="0.101" /><testcase classname="carivix_tests.backend.test_backend_api" name="test_be03_retrieve_with_field_filter" time="0.108" /><testcase classname="carivix_tests.backend.test_backend_api" name="test_be03_retrieve_pagination_limit_and_offset" time="0.110" /><testcase classname="carivix_tests.backend.test_backend_api" name="test_be04_unknown_endpoint_returns_404" time="0.005" /><testcase classname="carivix_tests.backend.test_backend_api" name="test_be04_process_missing_required_field_returns_422" time="0.005" /><testcase classname="carivix_tests.backend.test_backend_api" name="test_be04_process_unknown_profile_returns_400" time="0.007" /><testcase classname="carivix_tests.backend.test_backend_api" name="test_be04_store_empty_records_returns_400" time="0.005" /><testcase classname="carivix_tests.backend.test_backend_api" name="test_be04_validate_empty_records_returns_400" time="0.005" /><testcase classname="carivix_tests.backend.test_backend_api" name="test_be04_retrieve_nonexistent_table_returns_404" time="0.008" /><testcase classname="carivix_tests.backend.test_backend_api" name="test_be06_validate_valid_records_reports_is_valid_true" time="0.009" /><testcase classname="carivix_tests.backend.test_backend_api" name="test_be06_validate_reports_missing_value_counts" time="0.011" /><testcase classname="carivix_tests.backend.test_backend_api" name="test_be06_validate_detects_range_violation" time="0.010" /><testcase classname="carivix_tests.backend.test_backend_api" name="test_be06_structured_request_logging_verification" time="0.015" /><testcase classname="carivix_tests.backend.test_backend_api" name="test_ext_be01_process_single_record_valid" time="0.036" /><testcase classname="carivix_tests.backend.test_backend_api" name="test_ext_be02_large_batch_store_under_5s" time="0.102" /><testcase classname="carivix_tests.backend.test_backend_api" name="test_ext_be03_process_empty_records_returns_400" time="0.009" /><testcase classname="carivix_tests.backend.test_backend_api" name="test_ext_be04_validate_duplicate_rows_counted" time="0.013" /><testcase classname="carivix_tests.backend.test_backend_api" name="test_ext_be05_health_response_is_json" time="0.005" /><testcase classname="carivix_tests.backend.test_backend_api" name="test_ext_be06_store_data_types_int_float_str" time="0.319" /><testcase classname="carivix_tests.backend.test_backend_pipeline" name="test_be05_pipeline_processes_and_stores_in_one_call" time="0.159" /><testcase classname="carivix_tests.backend.test_backend_pipeline" name="test_be05_pipeline_response_includes_columns" time="0.133" /><testcase classname="carivix_tests.backend.test_backend_pipeline" name="test_be05_pipeline_unknown_profile_returns_400" time="0.008" /><testcase classname="carivix_tests.backend.test_backend_pipeline" name="test_be05_pipeline_data_retrievable_after_run" time="0.145" /><testcase classname="carivix_tests.backend.test_backend_pipeline" name="test_be05_pipeline_row_count_matches_rows_written" time="0.157" /><testcase classname="carivix_tests.backend.test_backend_pipeline" name="test_be03_concurrent_store_requests_all_succeed" time="3.219" /><testcase classname="carivix_tests.backend.test_backend_pipeline" name="test_be03_concurrent_read_write_no_errors" time="0.691" /><testcase classname="carivix_tests.backend.test_backend_pipeline" name="test_ext_be_pipeline_empty_records_returns_error" time="0.009" /><testcase classname="carivix_tests.backend.test_backend_pipeline" name="test_ext_be_pipeline_missing_table_field_returns_422" time="0.006" /><testcase classname="carivix_tests.backend.test_backend_pipeline" name="test_ext_be_store_integer_primary_key_autoincrement" time="0.095" /><testcase classname="carivix_tests.backend.test_negative_and_gibberish" name="test_neg_a01_gibberish_profile_name_returns_400" time="0.008" /><testcase classname="carivix_tests.backend.test_negative_and_gibberish" name="test_neg_a02_random_ascii_profile_returns_400" time="0.008" /><testcase classname="carivix_tests.backend.test_negative_and_gibberish" name="test_neg_a03_empty_string_profile_returns_400" time="0.009" /><testcase classname="carivix_tests.backend.test_negative_and_gibberish" name="test_neg_a04_none_profile_returns_422" time="0.006" /><testcase classname="carivix_tests.backend.test_negative_and_gibberish" name="test_neg_a05_records_as_plain_string_returns_422" time="0.005" /><testcase classname="carivix_tests.backend.test_negative_and_gibberish" name="test_neg_a06_store_with_numeric_table_name" time="0.093" /><testcase classname="carivix_tests.backend.test_negative_and_gibberish" name="test_neg_a07_validate_with_unknown_dtype_does_not_crash" time="0.010" /><testcase classname="carivix_tests.backend.test_negative_and_gibberish" name="test_neg_a08_process_with_unicode_noise_in_records" time="0.033" /><testcase classname="carivix_tests.backend.test_negative_and_gibberish" name="test_neg_a09_extreme_long_string_as_profile" time="0.007" /><testcase classname="carivix_tests.backend.test_negative_and_gibberish" name="test_neg_a10_retrieve_with_special_chars_table_name" time="0.009" /><testcase classname="carivix_tests.backend.test_negative_and_gibberish" name="test_neg_b01_sql_injection_in_profile_returns_400" time="0.013" /><testcase classname="carivix_tests.backend.test_negative_and_gibberish" name="test_neg_b02_sql_injection_in_record_value_handled_safely" time="0.033" /><testcase classname="carivix_tests.backend.test_negative_and_gibberish" name="test_neg_b03_xss_payload_in_record_does_not_crash_server" time="0.034" /><testcase classname="carivix_tests.backend.test_negative_and_gibberish" name="test_neg_b04_null_byte_injection_in_profile" time="0.010" /><testcase classname="carivix_tests.backend.test_negative_and_gibberish" name="test_neg_b05_path_traversal_in_table_name" time="0.005" /><testcase classname="carivix_tests.backend.test_negative_and_gibberish" name="test_neg_c01_xfail_health_wrongly_expects_201" time="0.006"><skipped type="pytest.xfail" message="INTENTIONAL XFAIL TC-NEG-C01: Health endpoint returns 200 not 201 – wrong status asserted deliberately to demonstrate failure detection." /></testcase><testcase classname="carivix_tests.backend.test_negative_and_gibberish" name="test_neg_c02_xfail_sources_wrongly_expects_xml_sources" time="0.015"><skipped type="pytest.xfail" message="INTENTIONAL XFAIL TC-NEG-C02: /sources response does not contain 'xml_sources' key – asserting non-existent field deliberately." /></testcase><testcase classname="carivix_tests.backend.test_negative_and_gibberish" name="test_neg_c03_xfail_empty_records_wrongly_expects_200" time="0.007"><skipped type="pytest.xfail" message="INTENTIONAL XFAIL TC-NEG-C03: Process with empty records returns 400, not 200 – asserting wrong status code deliberately." /></testcase><testcase classname="carivix_tests.backend.test_negative_and_gibberish" name="test_neg_c04_xfail_validate_empty_wrongly_expects_201" time="0.005"><skipped type="pytest.xfail" message="INTENTIONAL XFAIL TC-NEG-C04: Validate with empty list returns 400, not 201 – deliberately wrong assertion." /></testcase><testcase classname="carivix_tests.backend.test_negative_and_gibberish" name="test_neg_c05_xfail_nonexistent_table_wrongly_expects_200" time="0.006"><skipped type="pytest.xfail" message="INTENTIONAL XFAIL TC-NEG-C05: /retrieve on nonexistent table returns 404, not 200 – deliberate wrong-status assertion." /></testcase><testcase classname="carivix_tests.backend.test_negative_and_gibberish" name="test_neg_d01_genuine_fail_health_body_wrong_status_value" time="0.006"><failure message="AssertionError: [INTENDED FAIL] Expected status='running', got status='ok'&#10;assert 'ok' == 'running'&#10;  &#10;  - running&#10;  + ok">carivix_tests\backend\test_negative_and_gibberish.py:508: in test_neg_d01_genuine_fail_health_body_wrong_status_value
    assert body.get("status") == "running", (
E   AssertionError: [INTENDED FAIL] Expected status='running', got status='ok'
E   assert 'ok' == 'running'
E     
E     - running
E     + ok</failure></testcase><testcase classname="carivix_tests.backend.test_negative_and_gibberish" name="test_neg_d02_genuine_fail_process_wrong_column_in_response" time="0.033"><failure message="AssertionError: [INTENDED FAIL] Expected 'net_profit' column, actual columns: ['company_name', 'revenue', 'report_date', 'report_date_year', 'report_date_month', 'report_date_day', 'report_date_dow', 'report_date_quarter', 'region_south']&#10;assert 'net_profit' in ['company_name', 'revenue', 'report_date', 'report_date_year', 'report_date_month', 'report_date_day', 'report_date_dow', 'report_date_quarter', 'region_south']">carivix_tests\backend\test_negative_and_gibberish.py:529: in test_neg_d02_genuine_fail_process_wrong_column_in_response
    assert "net_profit" in columns, (
E   AssertionError: [INTENDED FAIL] Expected 'net_profit' column, actual columns: ['company_name', 'revenue', 'report_date', 'report_date_year', 'report_date_month', 'report_date_day', 'report_date_dow', 'report_date_quarter', 'region_south']
E   assert 'net_profit' in ['company_name', 'revenue', 'report_date', 'report_date_year', 'report_date_month', 'report_date_day', 'report_date_dow', 'report_date_quarter', 'region_south']</failure></testcase><testcase classname="carivix_tests.backend.test_negative_and_gibberish" name="test_neg_d03_genuine_fail_store_expects_wrong_rows_written" time="1.313"><failure message="AssertionError: [INTENDED FAIL] Expected rows_written=99, actual 1&#10;assert 1 == 99">carivix_tests\backend\test_negative_and_gibberish.py:550: in test_neg_d03_genuine_fail_store_expects_wrong_rows_written
    assert rows == 99, (
E   AssertionError: [INTENDED FAIL] Expected rows_written=99, actual 1
E   assert 1 == 99</failure></testcase><testcase classname="carivix_tests.ml.test_ml_items_api" name="test_items_list_returns_200" time="1.757" /><testcase classname="carivix_tests.ml.test_ml_items_api" name="test_items_list_returns_array" time="0.008" /><testcase classname="carivix_tests.ml.test_ml_items_api" name="test_items_list_has_seeded_items" time="0.007" /><testcase classname="carivix_tests.ml.test_ml_items_api" name="test_items_list_each_item_has_required_fields" time="0.008" /><testcase classname="carivix_tests.ml.test_ml_items_api" name="test_items_get_existing_item_returns_200" time="0.006" /><testcase classname="carivix_tests.ml.test_ml_items_api" name="test_items_get_item_body_structure" time="0.007" /><testcase classname="carivix_tests.ml.test_ml_items_api" name="test_items_get_nonexistent_item_returns_404" time="0.005" /><testcase classname="carivix_tests.ml.test_ml_items_api" name="test_items_get_404_response_has_detail" time="0.007" /><testcase classname="carivix_tests.ml.test_ml_items_api" name="test_items_create_returns_201" time="0.007" /><testcase classname="carivix_tests.ml.test_ml_items_api" name="test_items_create_returns_full_item" time="0.035" /><testcase classname="carivix_tests.ml.test_ml_items_api" name="test_items_create_with_description" time="0.008" /><testcase classname="carivix_tests.ml.test_ml_items_api" name="test_items_create_item_appears_in_list" time="0.015" /><testcase classname="carivix_tests.ml.test_ml_items_api" name="test_items_create_missing_name_returns_422" time="0.006" /><testcase classname="carivix_tests.ml.test_ml_items_api" name="test_items_create_missing_price_returns_422" time="0.005" /><testcase classname="carivix_tests.ml.test_ml_items_api" name="test_items_create_increments_id" time="0.019" /><testcase classname="carivix_tests.ml.test_ml_items_api" name="test_items_update_existing_item_returns_200" time="0.007" /><testcase classname="carivix_tests.ml.test_ml_items_api" name="test_items_update_returns_updated_body" time="0.009" /><testcase classname="carivix_tests.ml.test_ml_items_api" name="test_items_update_nonexistent_item_returns_404" time="0.005" /><testcase classname="carivix_tests.ml.test_ml_items_api" name="test_items_update_missing_name_returns_422" time="0.004" /><testcase classname="carivix_tests.ml.test_ml_items_api" name="test_items_update_reflects_in_get" time="0.016" /><testcase classname="carivix_tests.ml.test_ml_items_api" name="test_items_create_zero_price_is_valid" time="0.006" /><testcase classname="carivix_tests.ml.test_ml_items_api" name="test_items_get_with_string_id_returns_422_or_404" time="0.005" /><testcase classname="carivix_tests.ml.test_ml_unexpected_inputs" name="test_unexp_ml01_negative_loan_amount_rejected" time="19.006" /><testcase classname="carivix_tests.ml.test_ml_unexpected_inputs" name="test_unexp_ml02_credit_score_above_maximum_rejected" time="0.004" /><testcase classname="carivix_tests.ml.test_ml_unexpected_inputs" name="test_unexp_ml03_credit_score_below_minimum_rejected" time="0.004" /><testcase classname="carivix_tests.ml.test_ml_unexpected_inputs" name="test_unexp_ml04_negative_age_rejected" time="0.005" /><testcase classname="carivix_tests.ml.test_ml_unexpected_inputs" name="test_unexp_ml05_zero_age_rejected" time="0.004" /><testcase classname="carivix_tests.ml.test_ml_unexpected_inputs" name="test_unexp_ml06_string_in_numeric_income_field_rejected" time="0.005" /><testcase classname="carivix_tests.ml.test_ml_unexpected_inputs" name="test_unexp_ml07_empty_payload_rejected" time="0.005" /><testcase classname="carivix_tests.ml.test_ml_unexpected_inputs" name="test_unexp_ml08_empty_string_for_education_rejected" time="0.005" /><testcase classname="carivix_tests.ml.test_ml_unexpected_inputs" name="test_unexp_ml09_nonexistent_model_requested" time="0.004" /><testcase classname="carivix_tests.ml.test_ml_unexpected_inputs" name="test_unexp_ml10_batch_empty_records_list_rejected" time="0.005" /><testcase classname="carivix_tests.ml.test_ml_unexpected_inputs" name="test_unexp_itm01_string_in_numeric_item_id_path_rejected" time="0.005" /><testcase classname="carivix_tests.ml.test_ml_unexpected_inputs" name="test_unexp_itm02_negative_item_price_boundary_check" time="0.006" /><testcase classname="carivix_tests.ml.test_ml_unexpected_inputs" name="test_unexp_itm03_missing_required_name_field_rejected" time="0.004" /><testcase classname="carivix_tests.ml.test_ml_unexpected_inputs" name="test_unexp_itm04_missing_required_price_field_rejected" time="0.004" /><testcase classname="carivix_tests.ml.test_ml_unexpected_inputs" name="test_unexp_itm05_get_nonexistent_item_id_returns_404" time="0.006" /><testcase classname="carivix_tests.ml.test_ml_unexpected_inputs" name="test_unexp_itm06_update_nonexistent_item_id_returns_404" time="0.005" /><testcase classname="carivix_tests.ml.test_ml_unexpected_inputs" name="test_unexp_itm07_oversized_item_name_handled" time="0.042" /></testsuite></testsuites>